[debug] [2023-04-06T09:44:35.215Z] ----------------------------------------------------------------------
[debug] [2023-04-06T09:44:35.217Z] Command:       C:\Program Files\nodejs\node.exe C:\Users\subiksha\AppData\Roaming\npm\node_modules\firebase-tools\lib\bin\firebase.js init
[debug] [2023-04-06T09:44:35.217Z] CLI Version:   11.25.3
[debug] [2023-04-06T09:44:35.218Z] Platform:      win32
[debug] [2023-04-06T09:44:35.218Z] Node Version:  v18.15.0
[debug] [2023-04-06T09:44:35.219Z] Time:          Thu Apr 06 2023 15:14:35 GMT+0530 (India Standard Time)
[debug] [2023-04-06T09:44:35.219Z] ----------------------------------------------------------------------
[debug] 
[debug] [2023-04-06T09:44:35.339Z] > command requires scopes: ["email","openid","https://www.googleapis.com/auth/cloudplatformprojects.readonly","https://www.googleapis.com/auth/firebase","https://www.googleapis.com/auth/cloud-platform"]
[debug] [2023-04-06T09:44:35.340Z] > authorizing via signed-in user (subikshamalaisamy@gmail.com)
[info] 
     ######## #### ########  ######## ########     ###     ######  ########
     ##        ##  ##     ## ##       ##     ##  ##   ##  ##       ##
     ######    ##  ########  ######   ########  #########  ######  ######
     ##        ##  ##    ##  ##       ##     ## ##     ##       ## ##
     ##       #### ##     ## ######## ########  ##     ##  ######  ########

You're about to initialize a Firebase project in this directory:

  C:\reactjs\my-amzclone

Before we get started, keep in mind:

  * You are currently outside your home directory
  * You are initializing within an existing Firebase project directory

[info] 
=== Project Setup
[info] 
[info] First, let's associate this project directory with a Firebase project.
[info] You can create multiple project aliases by running firebase use --add, 
[info] but for now we'll just set up a default project.
[info] 
[debug] [2023-04-06T09:44:45.151Z] Using project from CLI flag: clone-9a628
[debug] [2023-04-06T09:44:45.155Z] > refreshing access token with scopes: []
[debug] [2023-04-06T09:44:45.163Z] >>> [apiv2][query] POST https://www.googleapis.com/oauth2/v3/token [none]
[debug] [2023-04-06T09:44:45.164Z] >>> [apiv2][body] POST https://www.googleapis.com/oauth2/v3/token [omitted]
[debug] [2023-04-06T09:44:45.449Z] <<< [apiv2][status] POST https://www.googleapis.com/oauth2/v3/token 200
[debug] [2023-04-06T09:44:45.449Z] <<< [apiv2][body] POST https://www.googleapis.com/oauth2/v3/token [omitted]
[debug] [2023-04-06T09:44:45.485Z] >>> [apiv2][query] GET https://firebase.googleapis.com/v1beta1/projects/clone-9a628 [none]
[debug] [2023-04-06T09:44:46.071Z] <<< [apiv2][status] GET https://firebase.googleapis.com/v1beta1/projects/clone-9a628 200
[debug] [2023-04-06T09:44:46.071Z] <<< [apiv2][body] GET https://firebase.googleapis.com/v1beta1/projects/clone-9a628 {"projectId":"clone-9a628","projectNumber":"487364638037","displayName":"amazon-clone","name":"projects/clone-9a628","resources":{"hostingSite":"clone-9a628","realtimeDatabaseInstance":"clone-9a628-default-rtdb"},"state":"ACTIVE","etag":"1_bb2ecd2f-d153-47e7-9eec-98378e07081e"}
[info] i  Using project clone-9a628 (amazon-clone) 
[info] 
=== Hosting Setup
[info] 
[info] Your public directory is the folder (relative to your project directory) that
[info] will contain Hosting assets to be uploaded with firebase deploy. If you
[info] have a build process for your assets, use your build's output directory.
[info] 
[debug] [2023-04-06T09:45:03.573Z] >>> [apiv2][query] GET https://www.gstatic.com/firebasejs/releases.json [none]
[debug] [2023-04-06T09:45:03.700Z] <<< [apiv2][status] GET https://www.gstatic.com/firebasejs/releases.json 200
[debug] [2023-04-06T09:45:03.700Z] <<< [apiv2][body] GET https://www.gstatic.com/firebasejs/releases.json {"current":{"version":"9.19.1","browserURL":"https://www.gstatic.com/firebasejs/9.19.1/firebase.js","packageURL":"https://www.gstatic.com/firebasejs/9.19.1/firebase.tgz"},"live":{"version":"9.19","browserURL":"https://www.gstatic.com/firebasejs/live/9.19/firebase.js","packageURL":"https://www.gstatic.com/firebasejs/live/9.19/firebase.tgz"},"components":{"analytics":"https://www.gstatic.com/firebasejs/9.19.1/firebase-analytics.js","app":"https://www.gstatic.com/firebasejs/9.19.1/firebase-app.js","app-check":"https://www.gstatic.com/firebasejs/9.19.1/firebase-app-check.js","auth":"https://www.gstatic.com/firebasejs/9.19.1/firebase-auth.js","auth/cordova":"https://www.gstatic.com/firebasejs/9.19.1/firebase-auth/cordova.js","auth/react-native":"https://www.gstatic.com/firebasejs/9.19.1/firebase-auth/react-native.js","functions":"https://www.gstatic.com/firebasejs/9.19.1/firebase-functions.js","firestore":"https://www.gstatic.com/firebasejs/9.19.1/firebase-firestore.js","firestore/lite":"https://www.gstatic.com/firebasejs/9.19.1/firebase-firestore/lite.js","installations":"https://www.gstatic.com/firebasejs/9.19.1/firebase-installations.js","storage":"https://www.gstatic.com/firebasejs/9.19.1/firebase-storage.js","performance":"https://www.gstatic.com/firebasejs/9.19.1/firebase-performance.js","remote-config":"https://www.gstatic.com/firebasejs/9.19.1/firebase-remote-config.js","messaging":"https://www.gstatic.com/firebasejs/9.19.1/firebase-messaging.js","messaging/sw":"https://www.gstatic.com/firebasejs/9.19.1/firebase-messaging/sw.js","database":"https://www.gstatic.com/firebasejs/9.19.1/firebase-database.js","firestore.memory":"https://www.gstatic.com/firebasejs/9.19.1/firebase-firestore.memory.js"}}
[info] +  Wrote public/index.html 
[info] 
[info] i  Detected a .git folder at C:\reactjs\my-amzclone 
[info] i  Authorizing with GitHub to upload your service account to a GitHub repository's secrets store. 
[info] 
[info] Visit this URL on this device to log in:
[info] https://github.com/login/oauth/authorize?client_id=89cf50f02ac6aaed3484&state=747832840&redirect_uri=http%3A%2F%2Flocalhost%3A9005&scope=read%3Auser%20repo%20public_repo
[info] 
[info] Waiting for authentication...
[debug] [2023-04-06T09:45:10.452Z] >>> [apiv2][query] POST https://github.com/login/oauth/access_token [none]
[debug] [2023-04-06T09:45:10.454Z] >>> [apiv2][body] POST https://github.com/login/oauth/access_token [stream]
[debug] [2023-04-06T09:45:10.901Z] <<< [apiv2][status] POST https://github.com/login/oauth/access_token 200
[debug] [2023-04-06T09:45:10.902Z] <<< [apiv2][body] POST https://github.com/login/oauth/access_token {"access_token":"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","token_type":"bearer","scope":"read:user,repo"}
[debug] [2023-04-06T09:45:10.913Z] >>> [apiv2][query] GET https://api.github.com/user [none]
[debug] [2023-04-06T09:45:11.806Z] <<< [apiv2][status] GET https://api.github.com/user 200
[debug] [2023-04-06T09:45:11.806Z] <<< [apiv2][body] GET https://api.github.com/user {"login":"subikshamalaisamy","id":87276633,"node_id":"MDQ6VXNlcjg3Mjc2NjMz","avatar_url":"https://avatars.githubusercontent.com/u/87276633?v=4","gravatar_id":"","url":"https://api.github.com/users/subikshamalaisamy","html_url":"https://github.com/subikshamalaisamy","followers_url":"https://api.github.com/users/subikshamalaisamy/followers","following_url":"https://api.github.com/users/subikshamalaisamy/following{/other_user}","gists_url":"https://api.github.com/users/subikshamalaisamy/gists{/gist_id}","starred_url":"https://api.github.com/users/subikshamalaisamy/starred{/owner}{/repo}","subscriptions_url":"https://api.github.com/users/subikshamalaisamy/subscriptions","organizations_url":"https://api.github.com/users/subikshamalaisamy/orgs","repos_url":"https://api.github.com/users/subikshamalaisamy/repos","events_url":"https://api.github.com/users/subikshamalaisamy/events{/privacy}","received_events_url":"https://api.github.com/users/subikshamalaisamy/received_events","type":"User","site_admin":false,"name":null,"company":null,"blog":"","location":null,"email":null,"hireable":null,"bio":null,"twitter_username":null,"public_repos":14,"public_gists":0,"followers":0,"following":0,"created_at":"2021-07-11T17:03:21Z","updated_at":"2023-04-06T08:24:19Z","private_gists":0,"total_private_repos":0,"owned_private_repos":0,"disk_usage":5,"collaborators":0,"two_factor_authentication":false,"plan":{"name":"free","space":976562499,"collaborators":0,"private_repos":10000}}
[info] 
[info] +  Success! Logged into GitHub as subikshamalaisamy 
[info] 
[debug] [2023-04-06T10:05:02.342Z] ----------------------------------------------------------------------
[debug] [2023-04-06T10:05:02.343Z] Command:       C:\Program Files\nodejs\node.exe C:\Users\subiksha\AppData\Roaming\npm\node_modules\firebase-tools\lib\bin\firebase.js init
[debug] [2023-04-06T10:05:02.344Z] CLI Version:   11.25.3
[debug] [2023-04-06T10:05:02.344Z] Platform:      win32
[debug] [2023-04-06T10:05:02.344Z] Node Version:  v18.15.0
[debug] [2023-04-06T10:05:02.345Z] Time:          Thu Apr 06 2023 15:35:02 GMT+0530 (India Standard Time)
[debug] [2023-04-06T10:05:02.345Z] ----------------------------------------------------------------------
[debug] 
[debug] [2023-04-06T10:05:02.427Z] > command requires scopes: ["email","openid","https://www.googleapis.com/auth/cloudplatformprojects.readonly","https://www.googleapis.com/auth/firebase","https://www.googleapis.com/auth/cloud-platform"]
[debug] [2023-04-06T10:05:02.427Z] > authorizing via signed-in user (subikshamalaisamy@gmail.com)
[info] 
     ######## #### ########  ######## ########     ###     ######  ########
     ##        ##  ##     ## ##       ##     ##  ##   ##  ##       ##
     ######    ##  ########  ######   ########  #########  ######  ######
     ##        ##  ##    ##  ##       ##     ## ##     ##       ## ##
     ##       #### ##     ## ######## ########  ##     ##  ######  ########

You're about to initialize a Firebase project in this directory:

  C:\reactjs\my-amzclone

Before we get started, keep in mind:

  * You are currently outside your home directory
  * You are initializing within an existing Firebase project directory

[info] 
=== Project Setup
[info] 
[info] First, let's associate this project directory with a Firebase project.
[info] You can create multiple project aliases by running firebase use --add, 
[info] but for now we'll just set up a default project.
[info] 
[debug] [2023-04-06T10:05:12.127Z] Using project from CLI flag: clone-9a628
[debug] [2023-04-06T10:05:12.130Z] >>> [apiv2][query] GET https://firebase.googleapis.com/v1beta1/projects/clone-9a628 [none]
[debug] [2023-04-06T10:05:12.615Z] <<< [apiv2][status] GET https://firebase.googleapis.com/v1beta1/projects/clone-9a628 200
[debug] [2023-04-06T10:05:12.615Z] <<< [apiv2][body] GET https://firebase.googleapis.com/v1beta1/projects/clone-9a628 {"projectId":"clone-9a628","projectNumber":"487364638037","displayName":"amazon-clone","name":"projects/clone-9a628","resources":{"hostingSite":"clone-9a628","realtimeDatabaseInstance":"clone-9a628-default-rtdb"},"state":"ACTIVE","etag":"1_89283d66-2a16-49df-a71a-55f3e1d59453"}
[info] i  Using project clone-9a628 (amazon-clone) 
[info] 
=== Hosting Setup
[info] 
[info] Your public directory is the folder (relative to your project directory) that
[info] will contain Hosting assets to be uploaded with firebase deploy. If you
[info] have a build process for your assets, use your build's output directory.
[info] 
[debug] [2023-04-06T10:05:22.654Z] >>> [apiv2][query] GET https://www.gstatic.com/firebasejs/releases.json [none]
[debug] [2023-04-06T10:05:22.761Z] <<< [apiv2][status] GET https://www.gstatic.com/firebasejs/releases.json 200
[debug] [2023-04-06T10:05:22.761Z] <<< [apiv2][body] GET https://www.gstatic.com/firebasejs/releases.json {"current":{"version":"9.19.1","browserURL":"https://www.gstatic.com/firebasejs/9.19.1/firebase.js","packageURL":"https://www.gstatic.com/firebasejs/9.19.1/firebase.tgz"},"live":{"version":"9.19","browserURL":"https://www.gstatic.com/firebasejs/live/9.19/firebase.js","packageURL":"https://www.gstatic.com/firebasejs/live/9.19/firebase.tgz"},"components":{"analytics":"https://www.gstatic.com/firebasejs/9.19.1/firebase-analytics.js","app":"https://www.gstatic.com/firebasejs/9.19.1/firebase-app.js","app-check":"https://www.gstatic.com/firebasejs/9.19.1/firebase-app-check.js","auth":"https://www.gstatic.com/firebasejs/9.19.1/firebase-auth.js","auth/cordova":"https://www.gstatic.com/firebasejs/9.19.1/firebase-auth/cordova.js","auth/react-native":"https://www.gstatic.com/firebasejs/9.19.1/firebase-auth/react-native.js","functions":"https://www.gstatic.com/firebasejs/9.19.1/firebase-functions.js","firestore":"https://www.gstatic.com/firebasejs/9.19.1/firebase-firestore.js","firestore/lite":"https://www.gstatic.com/firebasejs/9.19.1/firebase-firestore/lite.js","installations":"https://www.gstatic.com/firebasejs/9.19.1/firebase-installations.js","storage":"https://www.gstatic.com/firebasejs/9.19.1/firebase-storage.js","performance":"https://www.gstatic.com/firebasejs/9.19.1/firebase-performance.js","remote-config":"https://www.gstatic.com/firebasejs/9.19.1/firebase-remote-config.js","messaging":"https://www.gstatic.com/firebasejs/9.19.1/firebase-messaging.js","messaging/sw":"https://www.gstatic.com/firebasejs/9.19.1/firebase-messaging/sw.js","database":"https://www.gstatic.com/firebasejs/9.19.1/firebase-database.js","firestore.memory":"https://www.gstatic.com/firebasejs/9.19.1/firebase-firestore.memory.js"}}
[info] +  Wrote build/index.html 
[info] 
[info] i  Detected a .git folder at C:\reactjs\my-amzclone 
[info] i  Authorizing with GitHub to upload your service account to a GitHub repository's secrets store. 
[info] 
[info] Visit this URL on this device to log in:
[info] https://github.com/login/oauth/authorize?client_id=89cf50f02ac6aaed3484&state=77047756&redirect_uri=http%3A%2F%2Flocalhost%3A9005&scope=read%3Auser%20repo%20public_repo
[info] 
[info] Waiting for authentication...
[debug] [2023-04-06T10:05:26.490Z] >>> [apiv2][query] POST https://github.com/login/oauth/access_token [none]
[debug] [2023-04-06T10:05:26.490Z] >>> [apiv2][body] POST https://github.com/login/oauth/access_token [stream]
[debug] [2023-04-06T10:05:27.346Z] <<< [apiv2][status] POST https://github.com/login/oauth/access_token 200
[debug] [2023-04-06T10:05:27.346Z] <<< [apiv2][body] POST https://github.com/login/oauth/access_token {"access_token":"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","token_type":"bearer","scope":"read:user,repo"}
[debug] [2023-04-06T10:05:27.377Z] >>> [apiv2][query] GET https://api.github.com/user [none]
[debug] [2023-04-06T10:05:27.865Z] <<< [apiv2][status] GET https://api.github.com/user 200
[debug] [2023-04-06T10:05:27.865Z] <<< [apiv2][body] GET https://api.github.com/user {"login":"subikshamalaisamy","id":87276633,"node_id":"MDQ6VXNlcjg3Mjc2NjMz","avatar_url":"https://avatars.githubusercontent.com/u/87276633?v=4","gravatar_id":"","url":"https://api.github.com/users/subikshamalaisamy","html_url":"https://github.com/subikshamalaisamy","followers_url":"https://api.github.com/users/subikshamalaisamy/followers","following_url":"https://api.github.com/users/subikshamalaisamy/following{/other_user}","gists_url":"https://api.github.com/users/subikshamalaisamy/gists{/gist_id}","starred_url":"https://api.github.com/users/subikshamalaisamy/starred{/owner}{/repo}","subscriptions_url":"https://api.github.com/users/subikshamalaisamy/subscriptions","organizations_url":"https://api.github.com/users/subikshamalaisamy/orgs","repos_url":"https://api.github.com/users/subikshamalaisamy/repos","events_url":"https://api.github.com/users/subikshamalaisamy/events{/privacy}","received_events_url":"https://api.github.com/users/subikshamalaisamy/received_events","type":"User","site_admin":false,"name":null,"company":null,"blog":"","location":null,"email":null,"hireable":null,"bio":null,"twitter_username":null,"public_repos":14,"public_gists":0,"followers":0,"following":0,"created_at":"2021-07-11T17:03:21Z","updated_at":"2023-04-06T08:24:19Z","private_gists":0,"total_private_repos":0,"owned_private_repos":0,"disk_usage":5,"collaborators":0,"two_factor_authentication":false,"plan":{"name":"free","space":976562499,"collaborators":0,"private_repos":10000}}
[info] 
[info] +  Success! Logged into GitHub as subikshamalaisamy 
[info] 
[debug] [2023-04-06T10:05:52.862Z] >>> [apiv2][query] GET https://api.github.com/repos/npm run build/actions/secrets/public-key type=owner
[debug] [2023-04-06T10:05:55.038Z] <<< [apiv2][status] GET https://api.github.com/repos/npm run build/actions/secrets/public-key 404
[debug] [2023-04-06T10:05:55.039Z] <<< [apiv2][body] GET https://api.github.com/repos/npm run build/actions/secrets/public-key {"message":"Not Found","documentation_url":"https://docs.github.com/rest"}
[info] 
[info] 
[error] !  The provided authorization cannot be used with this repository. If this repository is in an organization, did you remember to grant access? 
[info] 
[info] i  Action required: Visit this URL to ensure access has been granted to the appropriate organization(s) for the Firebase CLI GitHub OAuth App: 
[info] https://github.com/settings/connections/applications/89cf50f02ac6aaed3484
[info] 
[debug] [2023-04-06T10:06:05.941Z] >>> [apiv2][query] GET https://api.github.com/repos/npm run build/actions/secrets/public-key type=owner
[debug] [2023-04-06T10:06:06.297Z] <<< [apiv2][status] GET https://api.github.com/repos/npm run build/actions/secrets/public-key 404
[debug] [2023-04-06T10:06:06.297Z] <<< [apiv2][body] GET https://api.github.com/repos/npm run build/actions/secrets/public-key {"message":"Not Found","documentation_url":"https://docs.github.com/rest"}
[info] 
[info] 
[error] !  The provided authorization cannot be used with this repository. If this repository is in an organization, did you remember to grant access? 
[info] 
[info] i  Action required: Visit this URL to ensure access has been granted to the appropriate organization(s) for the Firebase CLI GitHub OAuth App: 
[info] https://github.com/settings/connections/applications/89cf50f02ac6aaed3484
[info] 
